mixare/build/outputs/logs/manifest-merger-debug-report.txt
-- Merging decision tree log ---
manifest
ADDED from src/main/AndroidManifest.xml:2:1-86:12
	package
		ADDED from src/main/AndroidManifest.xml:3:60-80
		INJECTED from src/main/AndroidManifest.xml
		INJECTED from src/main/AndroidManifest.xml
	android:versionName
		ADDED from src/main/AndroidManifest.xml:3:32-59
	xmlns:tools
		ADDED from src/main/AndroidManifest.xml:3:112-158
	android:versionCode
		ADDED from src/main/AndroidManifest.xml:3:7-31
		INJECTED from src/main/AndroidManifest.xml
		INJECTED from src/main/AndroidManifest.xml
	xmlns:android
		ADDED from src/main/AndroidManifest.xml:2:11-69
	android:installLocation
		ADDED from src/main/AndroidManifest.xml:3:81-111
uses-sdk
ADDED from src/main/AndroidManifest.xml:5:5-73
MERGED from [mixare:mixarelib:unspecified] AndroidManifest.xml:7:5-9:41
MERGED from [com.google.android.gms:play-services-base:9.4.0] AndroidManifest.xml:18:5-42
MERGED from [com.google.android.gms:play-services-basement:9.4.0] AndroidManifest.xml:18:5-42
MERGED from [com.android.support:support-v4:23.0.0] AndroidManifest.xml:20:5-43
MERGED from [com.google.android.gms:play-services-tasks:9.4.0] AndroidManifest.xml:4:5-43
MERGED from [com.google.android.gms:play-services-basement:9.4.0] AndroidManifest.xml:18:5-42
MERGED from [com.android.support:support-v4:23.0.0] AndroidManifest.xml:20:5-43
MERGED from [com.google.android.gms:play-services-location:9.4.0] AndroidManifest.xml:18:5-42
MERGED from [com.google.android.gms:play-services-base:9.4.0] AndroidManifest.xml:18:5-42
MERGED from [com.google.android.gms:play-services-basement:9.4.0] AndroidManifest.xml:18:5-42
MERGED from [com.android.support:support-v4:23.0.0] AndroidManifest.xml:20:5-43
MERGED from [com.google.android.gms:play-services-tasks:9.4.0] AndroidManifest.xml:4:5-43
MERGED from [com.google.android.gms:play-services-basement:9.4.0] AndroidManifest.xml:18:5-42
MERGED from [com.android.support:support-v4:23.0.0] AndroidManifest.xml:20:5-43
MERGED from [com.google.android.gms:play-services-basement:9.4.0] AndroidManifest.xml:18:5-42
MERGED from [com.android.support:support-v4:23.0.0] AndroidManifest.xml:20:5-43
	android:targetSdkVersion
		ADDED from src/main/AndroidManifest.xml:5:42-71
		INJECTED from src/main/AndroidManifest.xml
		INJECTED from src/main/AndroidManifest.xml
	android:minSdkVersion
		ADDED from src/main/AndroidManifest.xml:5:15-41
		INJECTED from src/main/AndroidManifest.xml
		INJECTED from src/main/AndroidManifest.xml
uses-permission#android.permission.ACCESS_FINE_LOCATION
ADDED from src/main/AndroidManifest.xml:7:2-76
	android:name
		ADDED from src/main/AndroidManifest.xml:7:19-73
uses-permission#android.permission.INTERNET
ADDED from src/main/AndroidManifest.xml:8:2-64
	android:name
		ADDED from src/main/AndroidManifest.xml:8:19-61
uses-permission#android.permission.CAMERA
ADDED from src/main/AndroidManifest.xml:9:2-62
	android:name
		ADDED from src/main/AndroidManifest.xml:9:19-59
uses-feature#android.hardware.camera.autofocus
ADDED from src/main/AndroidManifest.xml:10:2-105
	android:required
		ADDED from src/main/AndroidManifest.xml:10:16-40
	android:name
		ADDED from src/main/AndroidManifest.xml:10:41-89
uses-feature#android.hardware.camera.flash
ADDED from src/main/AndroidManifest.xml:11:2-101
	android:required
		ADDED from src/main/AndroidManifest.xml:11:16-40
	android:name
		ADDED from src/main/AndroidManifest.xml:11:41-85
uses-feature#android.hardware.camera.front
ADDED from src/main/AndroidManifest.xml:12:2-101
	android:required
		ADDED from src/main/AndroidManifest.xml:12:16-40
	android:name
		ADDED from src/main/AndroidManifest.xml:12:41-85
uses-permission#android.permission.WAKE_LOCK
ADDED from src/main/AndroidManifest.xml:13:2-81
	android:name
		ADDED from src/main/AndroidManifest.xml:13:19-62
supports-screens
ADDED from src/main/AndroidManifest.xml:16:2-179
	android:largeScreens
		ADDED from src/main/AndroidManifest.xml:16:103-130
	android:smallScreens
		ADDED from src/main/AndroidManifest.xml:16:46-73
	android:normalScreens
		ADDED from src/main/AndroidManifest.xml:16:74-102
	android:xlargeScreens
		ADDED from src/main/AndroidManifest.xml:16:131-159
	android:anyDensity
		ADDED from src/main/AndroidManifest.xml:16:20-45
application
ADDED from src/main/AndroidManifest.xml:19:5-84:15
MERGED from [mixare:mixarelib:unspecified] AndroidManifest.xml:11:5-12:19
MERGED from [com.google.android.gms:play-services-base:9.4.0] AndroidManifest.xml:19:5-23:19
MERGED from [com.google.android.gms:play-services-basement:9.4.0] AndroidManifest.xml:20:5-24:19
MERGED from [com.android.support:support-v4:23.0.0] AndroidManifest.xml:22:5-20
MERGED from [com.google.android.gms:play-services-tasks:9.4.0] AndroidManifest.xml:5:5-20
MERGED from [com.google.android.gms:play-services-basement:9.4.0] AndroidManifest.xml:20:5-24:19
MERGED from [com.android.support:support-v4:23.0.0] AndroidManifest.xml:22:5-20
MERGED from [com.google.android.gms:play-services-location:9.4.0] AndroidManifest.xml:19:5-20
MERGED from [com.google.android.gms:play-services-base:9.4.0] AndroidManifest.xml:19:5-23:19
MERGED from [com.google.android.gms:play-services-basement:9.4.0] AndroidManifest.xml:20:5-24:19
MERGED from [com.android.support:support-v4:23.0.0] AndroidManifest.xml:22:5-20
MERGED from [com.google.android.gms:play-services-tasks:9.4.0] AndroidManifest.xml:5:5-20
MERGED from [com.google.android.gms:play-services-basement:9.4.0] AndroidManifest.xml:20:5-24:19
MERGED from [com.android.support:support-v4:23.0.0] AndroidManifest.xml:22:5-20
MERGED from [com.google.android.gms:play-services-basement:9.4.0] AndroidManifest.xml:20:5-24:19
MERGED from [com.android.support:support-v4:23.0.0] AndroidManifest.xml:22:5-20
	android:label
		ADDED from src/main/AndroidManifest.xml:19:48-80
		REJECTED from [mixare:mixarelib:unspecified] AndroidManifest.xml:11:18-43
	android:icon
		ADDED from src/main/AndroidManifest.xml:19:81-117
	tools:replace
		ADDED from src/main/AndroidManifest.xml:19:18-47
uses-library#com.google.android.maps
ADDED from src/main/AndroidManifest.xml:22:6-61
	android:name
		ADDED from src/main/AndroidManifest.xml:22:20-58
activity#org.mixare.MainActivity
ADDED from src/main/AndroidManifest.xml:25:6-31:17
	android:screenOrientation
		ADDED from src/main/AndroidManifest.xml:26:40-77
	android:label
		ADDED from src/main/AndroidManifest.xml:26:7-39
	android:icon
		ADDED from src/main/AndroidManifest.xml:25:45-81
	android:name
		ADDED from src/main/AndroidManifest.xml:25:16-44
intent-filter#android.intent.action.MAIN+android.intent.category.LAUNCHER
ADDED from src/main/AndroidManifest.xml:27:13-30:29
action#android.intent.action.MAIN
ADDED from src/main/AndroidManifest.xml:28:17-69
	android:name
		ADDED from src/main/AndroidManifest.xml:28:25-66
category#android.intent.category.LAUNCHER
ADDED from src/main/AndroidManifest.xml:29:17-77
	android:name
		ADDED from src/main/AndroidManifest.xml:29:27-74
activity#org.mixare.MixView
ADDED from src/main/AndroidManifest.xml:33:9-53:20
	android:screenOrientation
		ADDED from src/main/AndroidManifest.xml:34:9-46
	android:label
		ADDED from src/main/AndroidManifest.xml:33:19-51
	android:launchMode
		ADDED from src/main/AndroidManifest.xml:35:9-39
	android:name
		ADDED from src/main/AndroidManifest.xml:33:52-75
intent-filter#android.intent.action.VIEW+android.intent.category.BROWSABLE+android.intent.category.DEFAULT
ADDED from src/main/AndroidManifest.xml:37:13-44:29
action#android.intent.action.VIEW
ADDED from src/main/AndroidManifest.xml:38:19-71
	android:name
		ADDED from src/main/AndroidManifest.xml:38:27-68
category#android.intent.category.DEFAULT
ADDED from src/main/AndroidManifest.xml:39:7-66
	android:name
		ADDED from src/main/AndroidManifest.xml:39:17-63
category#android.intent.category.BROWSABLE
ADDED from src/main/AndroidManifest.xml:40:7-68
	android:name
		ADDED from src/main/AndroidManifest.xml:40:17-65
data
ADDED from src/main/AndroidManifest.xml:41:7-79
	android:scheme
		ADDED from src/main/AndroidManifest.xml:41:13-34
	android:mimeType
		ADDED from src/main/AndroidManifest.xml:41:35-77
intent-filter#android.intent.action.SEARCH
ADDED from src/main/AndroidManifest.xml:46:13-48:26
action#android.intent.action.SEARCH
ADDED from src/main/AndroidManifest.xml:47:14-67
	android:name
		ADDED from src/main/AndroidManifest.xml:47:22-65
meta-data#android.app.searchable
ADDED from src/main/AndroidManifest.xml:49:10-50:57
	android:resource
		ADDED from src/main/AndroidManifest.xml:50:21-55
	android:name
		ADDED from src/main/AndroidManifest.xml:49:21-58
meta-data#android.app.default_searchable
ADDED from src/main/AndroidManifest.xml:51:13-52:45
	android:value
		ADDED from src/main/AndroidManifest.xml:52:18-42
	android:name
		ADDED from src/main/AndroidManifest.xml:51:24-69
activity#org.mixare.PluginLoaderActivity
ADDED from src/main/AndroidManifest.xml:55:3-59:14
	android:name
		ADDED from src/main/AndroidManifest.xml:55:13-48
intent-filter#android.intent.action.MAIN
ADDED from src/main/AndroidManifest.xml:56:7-58:24
activity#org.mixare.MixListView
ADDED from src/main/AndroidManifest.xml:61:3-69:14
	android:screenOrientation
		ADDED from src/main/AndroidManifest.xml:62:4-36
	android:launchMode
		ADDED from src/main/AndroidManifest.xml:63:4-34
	android:name
		ADDED from src/main/AndroidManifest.xml:61:13-39
activity#org.mixare.MixMap
ADDED from src/main/AndroidManifest.xml:71:3-79:14
	android:screenOrientation
		ADDED from src/main/AndroidManifest.xml:72:4-36
	android:launchMode
		ADDED from src/main/AndroidManifest.xml:73:4-34
	android:name
		ADDED from src/main/AndroidManifest.xml:71:13-34
activity#org.mixare.data.DataSource
ADDED from src/main/AndroidManifest.xml:80:4-48
	android:name
		ADDED from src/main/AndroidManifest.xml:80:14-45
activity#org.mixare.data.DataSourceList
ADDED from src/main/AndroidManifest.xml:81:4-52
	android:name
		ADDED from src/main/AndroidManifest.xml:81:14-49
activity#com.google.android.gms.common.api.GoogleApiActivity
ADDED from [com.google.android.gms:play-services-base:9.4.0] AndroidManifest.xml:20:9-22:45
MERGED from [com.google.android.gms:play-services-base:9.4.0] AndroidManifest.xml:20:9-22:45
	android:exported
		ADDED from [com.google.android.gms:play-services-base:9.4.0] AndroidManifest.xml:22:19-43
	android:theme
		ADDED from [com.google.android.gms:play-services-base:9.4.0] AndroidManifest.xml:21:19-78
	android:name
		ADDED from [com.google.android.gms:play-services-base:9.4.0] AndroidManifest.xml:20:19-85
meta-data#com.google.android.gms.version
ADDED from [com.google.android.gms:play-services-basement:9.4.0] AndroidManifest.xml:21:9-23:69
MERGED from [com.google.android.gms:play-services-basement:9.4.0] AndroidManifest.xml:21:9-23:69
MERGED from [com.google.android.gms:play-services-basement:9.4.0] AndroidManifest.xml:21:9-23:69
MERGED from [com.google.android.gms:play-services-basement:9.4.0] AndroidManifest.xml:21:9-23:69
MERGED from [com.google.android.gms:play-services-basement:9.4.0] AndroidManifest.xml:21:9-23:69
	android:value
		ADDED from [com.google.android.gms:play-services-basement:9.4.0] AndroidManifest.xml:23:13-66
	android:name
		ADDED from [com.google.android.gms:play-services-basement:9.4.0] AndroidManifest.xml:22:13-58